<?xml version="1.0" encoding="UTF-8"?>
<!-- Generated by org.testng.reporters.JUnitReportReporter -->
<testsuite skipped="0" hostname="BSC-PF10PQNE" name="org.Rupeek.com.API.AuthTestCases" tests="2" failures="0" timestamp="04 Jul 2020 12:51:59 GMT" time="0.848" errors="0">
  <testcase name="verifyInvalidAuthentication" time="0.660" classname="org.Rupeek.com.API.AuthTestCases"/>
  <testcase name="verifyValidAuthentication" time="0.188" classname="org.Rupeek.com.API.AuthTestCases"/>
</testsuite> <!-- org.Rupeek.com.API.AuthTestCases -->
