<?xml version="1.0" encoding="UTF-8"?>
<!-- Generated by org.testng.reporters.JUnitReportReporter -->
<testsuite skipped="0" hostname="BSC-PF10PQNE" name="org.Rupeek.com.API.GetCustomerInfoByPhoneTestCases" tests="2" failures="0" timestamp="04 Jul 2020 12:51:59 GMT" time="0.115" errors="0">
  <testcase name="verifyCustomerDetailsBasedOnValidPhoneNumber" time="0.066" classname="org.Rupeek.com.API.GetCustomerInfoByPhoneTestCases"/>
  <testcase name="verifyCustomerDetailsBasedOnInValidPhoneNumber" time="0.049" classname="org.Rupeek.com.API.GetCustomerInfoByPhoneTestCases"/>
</testsuite> <!-- org.Rupeek.com.API.GetCustomerInfoByPhoneTestCases -->
