<?xml version="1.0" encoding="UTF-8"?>
<!-- Generated by org.testng.reporters.JUnitReportReporter -->
<testsuite skipped="0" hostname="BSC-PF10PQNE" name="org.Rupeek.com.API.TestCases" tests="3" failures="0" timestamp="03 Jul 2020 15:01:41 GMT" time="0.018" errors="0">
  <testcase name="checkFirstNameLastNameAndCareerContainsOnlyAlphabets" time="0.008" classname="org.Rupeek.com.API.TestCases"/>
  <testcase name="checkInValidCustomerDetails" time="0.003" classname="org.Rupeek.com.API.TestCases"/>
  <testcase name="checkValidCustomerDetails" time="0.007" classname="org.Rupeek.com.API.TestCases"/>
</testsuite> <!-- org.Rupeek.com.API.TestCases -->
