<?xml version="1.0" encoding="UTF-8"?>
<!-- Generated by org.testng.reporters.JUnitReportReporter -->
<testsuite skipped="0" hostname="BSC-PF10PQNE" name="org.Rupeek.com.API.Testcase" tests="1" failures="0" timestamp="02 Jul 2020 17:56:34 GMT" time="0.137" errors="0">
  <testcase name="getUserDetails" time="0.137" classname="org.Rupeek.com.API.Testcase"/>
</testsuite> <!-- org.Rupeek.com.API.Testcase -->
