<?xml version="1.0" encoding="UTF-8"?>
<!-- Generated by org.testng.reporters.JUnitReportReporter -->
<testsuite skipped="0" hostname="BSC-PF10PQNE" name="org.Rupeek.com.API.CustomerInfoTestCases" tests="6" failures="0" timestamp="04 Jul 2020 12:51:59 GMT" time="0.299" errors="0">
  <testcase name="performGetRequestToFetchCustomerDeatilsWithInvalidToken" time="0.170" classname="org.Rupeek.com.API.CustomerInfoTestCases"/>
  <testcase name="performGetRequestToFetchCustomerDeatilsWithEmptyToken" time="0.113" classname="org.Rupeek.com.API.CustomerInfoTestCases"/>
  <testcase name="verifyPhoneNumberConatinsOnlyDigits" time="0.002" classname="org.Rupeek.com.API.CustomerInfoTestCases"/>
  <testcase name="verifyValidCustomerDetails" time="0.001" classname="org.Rupeek.com.API.CustomerInfoTestCases"/>
  <testcase name="checkInValidCustomerDetails" time="0.010" classname="org.Rupeek.com.API.CustomerInfoTestCases"/>
  <testcase name="verifyFirstNameLastNameAndCareerContainsOnlyAlphabets" time="0.003" classname="org.Rupeek.com.API.CustomerInfoTestCases"/>
</testsuite> <!-- org.Rupeek.com.API.CustomerInfoTestCases -->
