<?xml version="1.0" encoding="UTF-8"?>
<!-- Generated by org.testng.reporters.JUnitReportReporter -->
<testsuite skipped="0" hostname="BSC-PF10PQNE" name="org.Rupeek.com.API.AuthTestCases" tests="1" failures="0" timestamp="04 Jul 2020 08:58:49 GMT" time="0.807" errors="0">
  <testcase name="verifyInvalidAuthenticationAndGetAuthToken" time="0.807" classname="org.Rupeek.com.API.AuthTestCases"/>
</testsuite> <!-- org.Rupeek.com.API.AuthTestCases -->
